Setting Default Parameters...
Parsing Configfile encoder_intra_main.cfg..............................................................................................................................................................................................................................................................................................
Parsing command line string 'InputFile = /home/kai/git_repos/obme/b/../bowing_cif.yuv'.
Parsing command line string 'ReconFile = /home/kai/git_repos/obme/b/rec.yuv'.
Parsing command line string 'FramesToBeEncoded = 100'.
Parsing command line string 'QPISlice = 25'.
Parsing command line string 'SourceWidth = 352'.
Parsing command line string 'SourceHeight = 288'.

------------------------------- JM 18.5 (FRExt) -------------------------------
 Input YUV file                    : /home/kai/git_repos/obme/b/../bowing_cif.yuv 
 Output H.264 bitstream            : test.264 
 Output YUV file                   : /home/kai/git_repos/obme/b/rec.yuv 
 YUV Format                        : YUV 4:2:0 
 Frames to be encoded              : 100
 Freq. for encoded bitstream       : 30.00
 PicInterlace / MbInterlace        : 0/0
 Transform8x8Mode                  : 0
 ME Metric for Refinement Level 0  : SAD
 ME Metric for Refinement Level 1  : Hadamard SAD
 ME Metric for Refinement Level 2  : Hadamard SAD
 Mode Decision Metric              : Hadamard SAD
 Motion Estimation for components  : Y
 Image format                      : 352x288 (352x288)
 Error robustness                  : Off
 Search range                      : 32
 Total number of references        : 5
 References for P slices           : 5
 References for B slices (L0, L1)  : 5, 1
 Sequence type                     : IIII (QP: I 25) 
 Entropy coding method             : CABAC
 Profile/Level IDC                 : (77,40)
 Motion Estimation Scheme          : Fast Full Search
 Search range restrictions         : none
 RD-optimized mode decision        : used
 Data Partitioning Mode            : 1 partition 
 Output File Format                : H.264/AVC Annex B Byte Stream Format 
-------------------------------------------------------------------------------
Frame     Bit/pic    QP   SnrY    SnrU    SnrV    Time(ms) MET(ms) Frm/Fld Ref  
-------------------------------------------------------------------------------
00000(NVB)     176 
00000(IDR)   48528   25  43.159  46.577  47.495       111       0    FRM    3
00001( I )   49176   25  43.364  46.576  47.522       110       0    FRM    2
00002( I )   49592   25  43.440  46.542  47.556       109       0    FRM    2
00003( I )   50040   25  43.467  46.612  47.573       112       0    FRM    2
00004( I )   50208   25  43.555  46.474  47.467       112       0    FRM    2
00005( I )   50616   25  43.526  46.645  47.556       117       0    FRM    2
00006( I )   50448   25  43.524  46.596  47.385       108       0    FRM    2
00007( I )   50424   25  43.552  46.620  47.545       117       0    FRM    2
00008( I )   50568   25  43.521  46.760  47.526       106       0    FRM    2
00009( I )   50432   25  43.585  46.800  47.386       106       0    FRM    2
00010( I )   50304   25  43.562  46.743  47.502       106       0    FRM    2
00011( I )   50232   25  43.535  46.561  47.391       107       0    FRM    2
00012( I )   50224   25  43.578  46.554  47.624       110       0    FRM    2
00013( I )   51088   25  43.566  46.732  47.405       108       0    FRM    2
00014( I )   50512   25  43.596  46.611  47.570       109       0    FRM    2
00015( I )   50496   25  43.579  46.516  47.515       106       0    FRM    2
00016( I )   50216   25  43.558  46.622  47.476       110       0    FRM    2
00017( I )   50248   25  43.574  46.619  47.422       107       0    FRM    2
00018( I )   50160   25  43.555  46.596  47.499       106       0    FRM    2
00019( I )   50512   25  43.497  46.533  47.428       120       0    FRM    2
00020( I )   49936   25  43.508  46.410  47.424       107       0    FRM    2
00021( I )   50264   25  43.540  46.664  47.522       108       0    FRM    2
00022( I )   50432   25  43.568  46.429  47.418       109       0    FRM    2
00023( I )   50792   25  43.573  46.561  47.442       113       0    FRM    2
00024( I )   50248   25  43.572  46.614  47.328       107       0    FRM    2
00025( I )   50848   25  43.604  46.612  47.442       108       0    FRM    2
00026( I )   50368   25  43.536  46.551  47.217       109       0    FRM    2
00027( I )   50592   25  43.610  46.595  47.436       109       0    FRM    2
00028( I )   50512   25  43.553  46.635  47.574       109       0    FRM    2
00029( I )   50536   25  43.550  46.737  47.482       107       0    FRM    2
00030( I )   50000   25  43.538  46.528  47.419       107       0    FRM    2
00031( I )   50432   25  43.584  46.616  47.563       109       0    FRM    2
00032( I )   50392   25  43.568  46.653  47.516       112       0    FRM    2
00033( I )   50368   25  43.571  46.654  47.511       110       0    FRM    2
00034( I )   50360   25  43.565  46.452  47.466       107       0    FRM    2
00035( I )   50040   25  43.584  46.684  47.462       106       0    FRM    2
00036( I )   50656   25  43.556  46.649  47.481       108       0    FRM    2
00037( I )   50424   25  43.582  46.668  47.406       108       0    FRM    2
00038( I )   50520   25  43.520  46.576  47.320       109       0    FRM    2
00039( I )   50648   25  43.578  46.574  47.535       110       0    FRM    2
00040( I )   50616   25  43.579  46.589  47.242       109       0    FRM    2
00041( I )   50592   25  43.532  46.728  47.448       112       0    FRM    2
00042( I )   50800   25  43.535  46.484  47.389       115       0    FRM    2
00043( I )   50600   25  43.541  46.657  47.502       109       0    FRM    2
00044( I )   50416   25  43.495  46.632  47.670       108       0    FRM    2
00045( I )   50736   25  43.531  46.569  47.391       107       0    FRM    2
00046( I )   50704   25  43.531  46.657  47.319       106       0    FRM    2
00047( I )   51056   25  43.495  46.597  47.597       108       0    FRM    2
00048( I )   51504   25  43.496  46.623  47.343       110       0    FRM    2
00049( I )   51752   25  43.445  46.497  47.483       113       0    FRM    2
00050( I )   52240   25  43.471  46.523  47.211       110       0    FRM    2
00051( I )   53032   25  43.365  46.337  47.091       111       0    FRM    2
00052( I )   54912   25  43.320  46.381  46.977       110       0    FRM    2
00053( I )   56616   25  43.122  46.172  46.822       113       0    FRM    2
00054( I )   58744   25  43.013  46.037  46.977       113       0    FRM    2
00055( I )   61752   25  42.843  45.940  46.940       113       0    FRM    2
00056( I )   63648   25  42.700  45.864  46.579       116       0    FRM    2
00057( I )   65736   25  42.578  45.666  46.535       120       0    FRM    2
00058( I )   67112   25  42.460  45.656  46.493       118       0    FRM    2
00059( I )   68360   25  42.391  45.529  46.522       124       0    FRM    2
00060( I )   68488   25  42.289  45.533  46.279       118       0    FRM    2
00061( I )   69504   25  42.259  45.818  46.228       119       0    FRM    2
00062( I )   69056   25  42.186  45.643  46.208       119       0    FRM    2
00063( I )   68752   25  42.220  45.736  46.195       118       0    FRM    2
00064( I )   67680   25  42.159  45.678  46.069       120       0    FRM    2
00065( I )   67280   25  42.240  45.757  46.333       121       0    FRM    2
00066( I )   66792   25  42.294  45.942  46.290       122       0    FRM    2
00067( I )   66320   25  42.298  45.847  46.142       121       0    FRM    2
00068( I )   65552   25  42.227  46.007  46.359       117       0    FRM    2
00069( I )   65376   25  42.241  45.721  46.073       118       0    FRM    2
00070( I )   64400   25  42.290  45.948  46.259       116       0    FRM    2
00071( I )   64120   25  42.301  45.890  46.263       117       0    FRM    2
00072( I )   63792   25  42.365  45.919  46.393       116       0    FRM    2
00073( I )   63904   25  42.350  45.738  46.515       115       0    FRM    2
00074( I )   63528   25  42.355  45.890  46.421       118       0    FRM    2
00075( I )   63184   25  42.389  45.951  46.565       117       0    FRM    2
00076( I )   62984   25  42.365  45.950  46.395       115       0    FRM    2
00077( I )   63152   25  42.337  46.007  46.465       115       0    FRM    2
00078( I )   62656   25  42.354  45.920  46.479       115       0    FRM    2
00079( I )   62504   25  42.323  45.988  46.276       115       0    FRM    2
00080( I )   63840   25  42.352  45.903  46.284       116       0    FRM    2
00081( I )   64128   25  42.246  46.018  46.400       114       0    FRM    2
00082( I )   64408   25  42.295  45.916  46.509       116       0    FRM    2
00083( I )   64208   25  42.295  45.862  46.332       116       0    FRM    2
00084( I )   64944   25  42.213  45.755  46.348       120       0    FRM    2
00085( I )   65880   25  42.231  45.778  46.286       118       0    FRM    2
00086( I )   66576   25  42.239  45.690  46.213       114       0    FRM    2
00087( I )   67072   25  42.181  45.671  46.374       117       0    FRM    2
00088( I )   67624   25  42.137  45.668  46.276       116       0    FRM    2
00089( I )   68816   25  42.106  45.581  46.132       119       0    FRM    2
00090( I )   69496   25  42.102  45.643  46.242       119       0    FRM    2
00091( I )   70680   25  41.999  45.596  46.203       122       0    FRM    2
00092( I )   71176   25  42.015  45.691  46.030       119       0    FRM    2
00093( I )   72048   25  41.992  45.688  46.100       124       0    FRM    2
00094( I )   72616   25  41.910  45.564  46.064       120       0    FRM    2
00095( I )   73696   25  41.909  45.529  46.142       130       0    FRM    2
00096( I )   73968   25  41.842  45.586  46.082       120       0    FRM    2
00097( I )   74280   25  41.837  45.597  46.137       131       0    FRM    2
00098( I )   74152   25  41.854  45.461  46.125       122       0    FRM    2
00099( I )   74560   25  41.862  45.506  46.033       123       0    FRM    2
-------------------------------------------------------------------------------
 Total Frames:  100 
 LeakyBucketRate File does not exist. Using rate calculated from avg. rate 
 Number Leaky Buckets: 8 
     Rmin     Bmin     Fmin 
  1744950   461119    58177 
  2181180    79832    48528 
  2617410    74560    48528 
  3053640    74560    48528 
  3489870    74560    48528 
  3926100    74560    48528 
  4362330    74560    48528 
  4798560    74560    48528 
------------------ Average data all frames  -----------------------------------

 Total encoding time for the seq.  :  11.413 sec (8.76 fps)
 Total ME time for sequence        :   0.000 sec 

 Y { PSNR (dB), cSNR (dB), MSE }   : {  42.935,  42.884,   3.34689 }
 U { PSNR (dB), cSNR (dB), MSE }   : {  46.209,  46.187,   1.56439 }
 V { PSNR (dB), cSNR (dB), MSE }   : {  46.919,  46.879,   1.33405 }

 Total bits                        : 5816688 (I 5816512, P 0, NVB 176) 
 Bit rate (kbit/s)  @ 30.00 Hz     : 1745.01
 Bits to avoid Startcode Emulation : 957 
 Bits for parameter sets           : 176 
 Bits for filler data              : 0 

-------------------------------------------------------------------------------
Exit JM 18 (FRExt) encoder ver 18.5 
